<?xml version="1.0" encoding="UTF-8"?>
<!-- Generated by org.testng.reporters.JUnitReportReporter -->
<testsuite hostname="Mukund-PC" failures="0" tests="1" name="com.WordPress.Testcases.VerifyValidLogin" time="24.289" errors="0" timestamp="2022-02-15T15:35:27 PST" skipped="0">
  <testcase classname="com.WordPress.Testcases.VerifyValidLogin" name="checkValidUser" time="24.289"/>
  <system-out/>
</testsuite> <!-- com.WordPress.Testcases.VerifyValidLogin -->
